d:\source code\vs\newhanafuda\newhanafuda\debug\vc140.pdb
d:\source code\vs\newhanafuda\newhanafuda\debug\vc140.idb
d:\source code\vs\newhanafuda\newhanafuda\debug\imgui.obj
d:\source code\vs\newhanafuda\newhanafuda\debug\imgui_demo.obj
d:\source code\vs\newhanafuda\newhanafuda\debug\imgui_draw.obj
d:\source code\vs\newhanafuda\newhanafuda\debug\card.obj
d:\source code\vs\newhanafuda\newhanafuda\debug\contentmanager.obj
d:\source code\vs\newhanafuda\newhanafuda\debug\extern_declare.obj
d:\source code\vs\newhanafuda\newhanafuda\debug\game.obj
d:\source code\vs\newhanafuda\newhanafuda\debug\imgui-sfml.obj
d:\source code\vs\newhanafuda\newhanafuda\debug\main.obj
d:\source code\vs\newhanafuda\newhanafuda\debug\player.obj
d:\source code\vs\newhanafuda\newhanafuda\debug\utilities.obj
d:\source code\vs\newhanafuda\newhanafuda\debug\baseui.obj
d:\source code\vs\newhanafuda\newhanafuda\debug\panel.obj
d:\source code\vs\newhanafuda\debug\newhanafuda.ilk
d:\source code\vs\newhanafuda\debug\newhanafuda.exe
d:\source code\vs\newhanafuda\debug\newhanafuda.pdb
d:\source code\vs\newhanafuda\newhanafuda\debug\newhanafuda.tlog\cl.command.1.tlog
d:\source code\vs\newhanafuda\newhanafuda\debug\newhanafuda.tlog\cl.read.1.tlog
d:\source code\vs\newhanafuda\newhanafuda\debug\newhanafuda.tlog\cl.write.1.tlog
d:\source code\vs\newhanafuda\newhanafuda\debug\newhanafuda.tlog\link.command.1.tlog
d:\source code\vs\newhanafuda\newhanafuda\debug\newhanafuda.tlog\link.read.1.tlog
d:\source code\vs\newhanafuda\newhanafuda\debug\newhanafuda.tlog\link.write.1.tlog
